Started GET "/" for 127.0.0.1 at 2017-09-08 20:04:59 +0200
Processing by HomePageController#index as HTML
  Rendering home_page/index.html.erb within layouts/application
  Rendered home_page/index.html.erb within layouts/application (0.7ms)
Completed 200 OK in 4818ms (Views: 4667.2ms)


Started GET "/" for 127.0.0.1 at 2017-09-08 20:08:12 +0200
Processing by HomePageController#index as HTML
  Rendering home_page/index.html.erb within layouts/application
  Rendered home_page/index.html.erb within layouts/application (0.7ms)
Completed 200 OK in 623ms (Views: 458.6ms)


Started GET "/home/index" for 127.0.0.1 at 2017-09-08 20:08:26 +0200
  
ActionController::RoutingError (No route matches [GET] "/home/index"):
  
actionpack (5.1.3) lib/action_dispatch/middleware/debug_exceptions.rb:63:in `call'
web-console (3.5.1) lib/web_console/middleware.rb:135:in `call_app'
web-console (3.5.1) lib/web_console/middleware.rb:28:in `block in call'
web-console (3.5.1) lib/web_console/middleware.rb:18:in `catch'
web-console (3.5.1) lib/web_console/middleware.rb:18:in `call'
actionpack (5.1.3) lib/action_dispatch/middleware/show_exceptions.rb:31:in `call'
railties (5.1.3) lib/rails/rack/logger.rb:36:in `call_app'
railties (5.1.3) lib/rails/rack/logger.rb:24:in `block in call'
activesupport (5.1.3) lib/active_support/tagged_logging.rb:69:in `block in tagged'
activesupport (5.1.3) lib/active_support/tagged_logging.rb:26:in `tagged'
activesupport (5.1.3) lib/active_support/tagged_logging.rb:69:in `tagged'
railties (5.1.3) lib/rails/rack/logger.rb:24:in `call'
sprockets-rails (3.2.1) lib/sprockets/rails/quiet_assets.rb:13:in `call'
actionpack (5.1.3) lib/action_dispatch/middleware/remote_ip.rb:79:in `call'
actionpack (5.1.3) lib/action_dispatch/middleware/request_id.rb:25:in `call'
rack (2.0.3) lib/rack/method_override.rb:22:in `call'
rack (2.0.3) lib/rack/runtime.rb:22:in `call'
activesupport (5.1.3) lib/active_support/cache/strategy/local_cache_middleware.rb:27:in `call'
actionpack (5.1.3) lib/action_dispatch/middleware/executor.rb:12:in `call'
actionpack (5.1.3) lib/action_dispatch/middleware/static.rb:125:in `call'
rack (2.0.3) lib/rack/sendfile.rb:111:in `call'
railties (5.1.3) lib/rails/engine.rb:522:in `call'
puma (3.10.0) lib/puma/configuration.rb:225:in `call'
puma (3.10.0) lib/puma/server.rb:605:in `handle_request'
puma (3.10.0) lib/puma/server.rb:437:in `process_client'
puma (3.10.0) lib/puma/server.rb:301:in `block in run'
puma (3.10.0) lib/puma/thread_pool.rb:120:in `block in spawn_thread'
Started GET "/" for 127.0.0.1 at 2017-09-08 20:08:32 +0200
Processing by HomePageController#index as HTML
  Rendering home_page/index.html.erb within layouts/application
  Rendered home_page/index.html.erb within layouts/application (0.6ms)
Completed 200 OK in 40ms (Views: 38.2ms)


Started GET "/" for 127.0.0.1 at 2017-09-08 20:12:21 +0200
Processing by HomePageController#index as HTML
  Rendering home_page/index.html.erb within layouts/application
  Rendered home_page/index.html.erb within layouts/application (0.6ms)
Completed 200 OK in 2962ms (Views: 2960.1ms)


Started GET "/" for 127.0.0.1 at 2017-09-08 20:12:36 +0200
Processing by HomePageController#index as HTML
  Rendering home_page/index.html.erb within layouts/application
  Rendered home_page/index.html.erb within layouts/application (0.4ms)
Completed 200 OK in 2284ms (Views: 2282.9ms)


Started GET "/" for 127.0.0.1 at 2017-09-08 20:13:02 +0200
Processing by HomePageController#index as HTML
  Rendering home_page/index.html.erb within layouts/application
  Rendered home_page/index.html.erb within layouts/application (0.6ms)
Completed 200 OK in 2317ms (Views: 2315.4ms)


